WARNING: Font file '/github/home/.metanorma/fonts/cambria.ttc' (font name 'Cambria Math', font style 'normal', font weight 'normal') doesn't exist. Replaced by '/github/home/.metanorma/fonts/NotoSans-Regular.ttf'.
WARNING: Font file '/github/home/.metanorma/fonts/cambria.ttc' (font name 'Cambria Math', font style 'normal', font weight 'bold') doesn't exist. Replaced by '/github/home/.metanorma/fonts/NotoSans-Bold.ttf'.
WARNING: Font file '/github/home/.metanorma/fonts/times.ttf' (font name 'Times New Roman', font style 'normal', font weight 'normal') doesn't exist. Replaced by '/github/home/.metanorma/fonts/NotoSans-Regular.ttf'.
WARNING: Font file '/github/home/.metanorma/fonts/timesbd.ttf' (font name 'Times New Roman', font style 'normal', font weight 'bold') doesn't exist. Replaced by '/github/home/.metanorma/fonts/NotoSans-Bold.ttf'.
WARNING: Font file '/github/home/.metanorma/fonts/timesbi.ttf' (font name 'Times New Roman', font style 'italic', font weight 'bold') doesn't exist. Replaced by '/github/home/.metanorma/fonts/NotoSans-BoldItalic.ttf'.
WARNING: Font file '/github/home/.metanorma/fonts/timesi.ttf' (font name 'Times New Roman', font style 'italic', font weight 'normal') doesn't exist. Replaced by '/github/home/.metanorma/fonts/NotoSans-Italic.ttf'.
WARNING: Font file '/github/home/.metanorma/fonts/SourceHanSans-Normal.ttc' (font name 'Source Han Sans', font style 'normal', font weight 'normal') doesn't exist. Replaced by '/github/home/.metanorma/fonts/NotoSans-Regular.ttf'.
WARNING: Font file '/github/home/.metanorma/fonts/SourceHanSans-Normal.ttc' (font name 'Source Han Sans', font style 'italic', font weight 'normal') doesn't exist. Replaced by '/github/home/.metanorma/fonts/NotoSans-Italic.ttf'.
WARNING: Font file '/github/home/.metanorma/fonts/SourceHanSans-Normal.ttc' (font name 'Source Han Sans', font style 'italic', font weight 'bold') doesn't exist. Replaced by '/github/home/.metanorma/fonts/NotoSans-BoldItalic.ttf'.
WARNING: Font file '/github/home/.metanorma/fonts/SourceHanSans-Bold.ttc' (font name 'Source Han Sans', font style 'normal', font weight 'bold') doesn't exist. Replaced by '/github/home/.metanorma/fonts/NotoSans-Bold.ttf'.
WARNING: Font 'Courier' (font name 'Courier', font style 'normal', font weight 'normal') doesn't exist. Replaced by '/github/home/.metanorma/fonts/NotoSansMono-Regular.ttf'.
WARNING: Font 'Courier' (font name 'Courier', font style 'normal', font weight 'bold') doesn't exist. Replaced by '/github/home/.metanorma/fonts/NotoSansMono-Bold.ttf'.
WARNING: Font 'Courier' (font name 'Courier', font style 'italic', font weight 'normal') doesn't exist. Replaced by '/github/home/.metanorma/fonts/NotoSansMono-Regular.ttf'.
WARNING: Font 'Courier' (font name 'Courier', font style 'italic', font weight 'bold') doesn't exist. Replaced by '/github/home/.metanorma/fonts/NotoSansMono-Bold.ttf'.

WARNING: An fo:table (id='table1')  (See position 225:328) is wider than the available width of page. Please check this overflowing table on the page 1.
WARNING: An fo:table   (See position 328:177) is wider than the available width of page. Please check this overflowing table on the page 1.
WARNING: An fo:table (id='tableD-1')  (See position 942:330) is wider than the available width of page. Please check this overflowing table on the page 14.
WARNING: An fo:table   (See position 1033:177) is wider than the available width of page. Please check this overflowing table on the page 14.
Bookmarks: Unresolved ID reference "_introduction" found.
Bookmarks: Unresolved ID reference "_1898dd21-8089-8e10-8e27-8e22b24e9b30" found.
Page ii: Unresolved ID reference "_1898dd21-8089-8e10-8e27-8e22b24e9b30" found.
Page ii: Unresolved ID reference "_introduction" found.
Page 15: Unresolved ID reference "_cda7773d-1192-1c6b-f796-a509d58c8a87" found.
Can't add annotation.
WARNING: Font file '/github/home/.metanorma/fonts/cambria.ttc' (font name 'Cambria Math', font style 'normal', font weight 'normal') doesn't exist. Replaced by '/github/home/.metanorma/fonts/NotoSans-Regular.ttf'.
WARNING: Font file '/github/home/.metanorma/fonts/cambria.ttc' (font name 'Cambria Math', font style 'normal', font weight 'bold') doesn't exist. Replaced by '/github/home/.metanorma/fonts/NotoSans-Bold.ttf'.
WARNING: Font file '/github/home/.metanorma/fonts/times.ttf' (font name 'Times New Roman', font style 'normal', font weight 'normal') doesn't exist. Replaced by '/github/home/.metanorma/fonts/NotoSans-Regular.ttf'.
WARNING: Font file '/github/home/.metanorma/fonts/timesbd.ttf' (font name 'Times New Roman', font style 'normal', font weight 'bold') doesn't exist. Replaced by '/github/home/.metanorma/fonts/NotoSans-Bold.ttf'.
WARNING: Font file '/github/home/.metanorma/fonts/timesbi.ttf' (font name 'Times New Roman', font style 'italic', font weight 'bold') doesn't exist. Replaced by '/github/home/.metanorma/fonts/NotoSans-BoldItalic.ttf'.
WARNING: Font file '/github/home/.metanorma/fonts/timesi.ttf' (font name 'Times New Roman', font style 'italic', font weight 'normal') doesn't exist. Replaced by '/github/home/.metanorma/fonts/NotoSans-Italic.ttf'.
WARNING: Font file '/github/home/.metanorma/fonts/SourceHanSans-Normal.ttc' (font name 'Source Han Sans', font style 'normal', font weight 'normal') doesn't exist. Replaced by '/github/home/.metanorma/fonts/NotoSans-Regular.ttf'.
WARNING: Font file '/github/home/.metanorma/fonts/SourceHanSans-Normal.ttc' (font name 'Source Han Sans', font style 'italic', font weight 'normal') doesn't exist. Replaced by '/github/home/.metanorma/fonts/NotoSans-Italic.ttf'.
WARNING: Font file '/github/home/.metanorma/fonts/SourceHanSans-Normal.ttc' (font name 'Source Han Sans', font style 'italic', font weight 'bold') doesn't exist. Replaced by '/github/home/.metanorma/fonts/NotoSans-BoldItalic.ttf'.
WARNING: Font file '/github/home/.metanorma/fonts/SourceHanSans-Bold.ttc' (font name 'Source Han Sans', font style 'normal', font weight 'bold') doesn't exist. Replaced by '/github/home/.metanorma/fonts/NotoSans-Bold.ttf'.
WARNING: Font 'Courier' (font name 'Courier', font style 'normal', font weight 'normal') doesn't exist. Replaced by '/github/home/.metanorma/fonts/NotoSansMono-Regular.ttf'.
WARNING: Font 'Courier' (font name 'Courier', font style 'normal', font weight 'bold') doesn't exist. Replaced by '/github/home/.metanorma/fonts/NotoSansMono-Bold.ttf'.
WARNING: Font 'Courier' (font name 'Courier', font style 'italic', font weight 'normal') doesn't exist. Replaced by '/github/home/.metanorma/fonts/NotoSansMono-Regular.ttf'.
WARNING: Font 'Courier' (font name 'Courier', font style 'italic', font weight 'bold') doesn't exist. Replaced by '/github/home/.metanorma/fonts/NotoSansMono-Bold.ttf'.

