/__w/mn-samples-iso/mn-samples-iso/site/documents/international-standard/rice-zh.err errors


== Style

(): AnnexA-4-1:测试样品的制备: subclause is only child
(XML Line 000090): number not broken up in threes: 17301
	<p id="_f0c457ba-0ef9-4fa9-b6ca-8a1b92a749d8">可以在ISO网站上找到ISO 17301 系列中所有部件的列表。</p>
(XML Line 000113): possible decimal point: 3.1
	<termsource status="identical">
	<origin bibitemid="ISO7301" type="inline" citeas="ISO 7301:2011"><localityStack><locality type="section"><referenceFrom>3.1</referenceFrom></locality></localityStack></origin>
	</termsource>
(XML Line 000119): term citation not preceded with italicised term: 从中只去除了壳的 水稻（）
	<xref target="paddy"/>
(XML Line 000120): possible decimal point: 3.2
	<termsource status="modified">
	<origin bibitemid="ISO7301" type="inline" citeas="ISO 7301:2011"/>
	<modification>
	<p id="_471df012-85f8-4924-8678-13810208ee72">3.2, “货米”一词改为以弃用，不包含注1</p>
	</modification>
(XML Line 000123): possible decimal point: 3.2
	<p id="_471df012-85f8-4924-8678-13810208ee72">3.2, “货米”一词改为以弃用，不包含注1</p>
(XML Line 000129): term citation not preceded with italicised term: 通过碾磨去除了几乎所有麸皮和胚芽都的 糙米（）
	<xref target="husked_rice"/>
(XML Line 000130): possible decimal point: 3.3
	<termsource status="modified">
	<origin bibitemid="ISO7301" type="inline" citeas="ISO 7301:2011"/>
	<modification>
	<p id="_ef96c53a-e402-4f57-b35a-2647233e9569">3.3</p>
	</modification>
(XML Line 000133): possible decimal point: 3.3
	<p id="_ef96c53a-e402-4f57-b35a-2647233e9569">3.3</p>
(XML Line 000138): term citation not preceded with italicised term: 通过在水中浸泡 稻谷（）或 稻米（），然后进行热处理和干燥过程，将淀粉完全糊化的大米
	<xref target="paddy"/>
(XML Line 000138): term citation not preceded with italicised term: 通过在水中浸泡 稻谷（）或 稻米（），然后进行热处理和干燥过程，将淀粉完全糊化的大米
	<xref target="husked_rice"/>
(XML Line 000166): possible decimal point: 3.1
	<termsource status="modified">
	<origin bibitemid="ISO6646" type="inline" citeas="ISO 6646"/>
	<modification>
	<p id="_8d35116f-68e3-4e24-abbc-88986755c974">3.1</p>
	</modification>
(XML Line 000169): possible decimal point: 3.1
	<p id="_8d35116f-68e3-4e24-abbc-88986755c974">3.1</p>
(XML Line 000176): possible decimal point: 3.1
	<termsource status="modified">
	<origin bibitemid="ISO20483" type="inline" citeas="ISO 20483:2013"/>
	<modification>
	<p id="_f72d159f-b0c3-45af-86ab-d35c80a6b446">3.1</p>
	</modification>
(XML Line 000179): possible decimal point: 3.1
	<p id="_f72d159f-b0c3-45af-86ab-d35c80a6b446">3.1</p>
(XML Line 000186): possible decimal point: 3.2
	<termsource status="modified">
	<origin bibitemid="ISO20483" type="inline" citeas="ISO 20483:2013"/>
	<modification>
	<p id="_fc992f00-0f70-4a3c-ade4-efc7d6062a3b">3.2</p>
	</modification>
(XML Line 000189): possible decimal point: 3.2
	<p id="_fc992f00-0f70-4a3c-ade4-efc7d6062a3b">3.2</p>
(XML Line 000196): possible decimal point: 3.1
	<termsource status="modified">
	<origin bibitemid="ISO14864" type="inline" citeas="ISO 14864:1998"/>
	<modification>
	<p id="_305a6de8-2baf-4019-b00f-f3b5732a835c">3.1</p>
	</modification>
(XML Line 000199): possible decimal point: 3.1
	<p id="_305a6de8-2baf-4019-b00f-f3b5732a835c">3.1</p>
(XML Line 000202): term citation not preceded with italicised term: 通过糊化（）而达到的状态，内核是完全透明，并且当在两块玻璃板之间压制后完全没有白色和不透明内核
	<xref target="gelatinization"/>
(XML Line 000203): possible decimal point: 3.2
	<termsource status="modified">
	<origin bibitemid="ISO14864" type="inline" citeas="ISO 14864:1998"/>
	<modification>
	<p id="_433f5d7b-2ff3-434e-b5fa-5d5cf2c181d4">3.2</p>
	</modification>
(XML Line 000206): possible decimal point: 3.2
	<p id="_433f5d7b-2ff3-434e-b5fa-5d5cf2c181d4">3.2</p>
(XML Line 000212): term citation not preceded with italicised term: 90％的谷粒从其自然状态转变为 凝胶状态 （）所需的时间
	<xref target="gel_state"/>
(XML Line 000213): possible decimal point: 3.3
	<termsource status="modified">
	<origin bibitemid="ISO14864" type="inline" citeas="ISO 14864:1998"/>
	<modification>
	<p id="_0c2509fd-6896-4f81-961a-0a51f792b05e">3.3</p>
	</modification>
(XML Line 000216): possible decimal point: 3.3
	<p id="_0c2509fd-6896-4f81-961a-0a51f792b05e">3.3</p>
(XML Line 000219): Hanging paragraph in clause
	<clause id="_规格" inline-header="false" obligation="normative"><title>规格</title><clause id="_一般感官和健康特征" inline-header="false" obligation="normative"><title>一般，感官和健康特征</title><p id="_379a79a2-d530-40ec-bfd8-b1ae953e68ed">大米的谷粒，无论是煮过的，去皮的还是碾磨的，以及整个还是破碎的，都应该是健康的，干净的，没有异味或异味，表明其变质。</p>
	<p id="_e29adb45-f796-4619-96bd-e2ee98a89a0f">添加剂和杀虫剂残留物及其他污染物的含量不得超过目的地国允许的最大限量。</p>
	<p id="_2e615fd6-980a-4462-9231-5427654c1ed6">不允许肉眼可见的活昆虫的存在。 在将大块样品分离为测试样品之前应该确定这一点。</p></clause>
	<clause id="_物理和化学特性" inline-header="false" obligation="normative"><title>物理和化学特性</title><clause id="_2064c2cf-4bab-4b54-8582-9732a415845f" inline-header="false" obligation="normative"><p id="_539767e1-aba6-47dd-8001-c4309d66366b">根据<eref type="inline" bibitemid="ISO712" citeas="ISO 712"/>，使用符合<eref type="inline" bibitemid="IEC61010-2" citeas="IEC 61010-2:1998"/>要求的烤箱测定的水分质量分数不得大于15％。<fn reference="1"><p id="_57d2e4dc-4359-433e-a9a2-f75834035762">从前表示为15％（m/米）。</p></fn></p>
	<p id="_849891b7-aa6d-4770-9730-bd65275a38e4">根据<xref target="AnnexA"/>，确定的糙米和精米中外来物质和有缺陷谷粒的质量分数，无论是否煮熟，均不得大于<xref target="table1"/>中规定的数值。</p>
(XML Line 000222): Hanging paragraph in clause
	<clause id="_物理和化学特性" inline-header="false" obligation="normative"><title>物理和化学特性</title><clause id="_2064c2cf-4bab-4b54-8582-9732a415845f" inline-header="false" obligation="normative"><p id="_539767e1-aba6-47dd-8001-c4309d66366b">根据<eref type="inline" bibitemid="ISO712" citeas="ISO 712"/>，使用符合<eref type="inline" bibitemid="IEC61010-2" citeas="IEC 61010-2:1998"/>要求的烤箱测定的水分质量分数不得大于15％。<fn reference="1"><p id="_57d2e4dc-4359-433e-a9a2-f75834035762">从前表示为15％（m/米）。</p></fn></p>
	<p id="_849891b7-aa6d-4770-9730-bd65275a38e4">根据<xref target="AnnexA"/>，确定的糙米和精米中外来物质和有缺陷谷粒的质量分数，无论是否煮熟，均不得大于<xref target="table1"/>中规定的数值。</p>
	<note id="_90334f84-52d5-4f1c-8b04-074973bb198a">
	<p id="_c71bc0a4-77fa-4d1b-8c81-f150eeecf9a7">根据气候，运输和储存的持续时间，某些目的地有时需要较低的湿度质量分数。 有关更多详细信息，请参见<eref type="inline" bibitemid="ISO6322-1" citeas="ISO 6322-1"/>，<eref type="inline" bibitemid="ISO6322-2" citeas="ISO 6322-2"/>和<eref type="inline" bibitemid="ISO6322-3" citeas="ISO 6322-3"/>。</p>
	</note></clause>
(XML Line 000374): Scope must occur before Terms and Definitions
	<clause id="clause5" inline-header="false" obligation="normative">
	<title>采样</title>
	<p id="_cffa5266-2432-4c45-a81a-4fcf4b95e84e">采样应按照<eref type="inline" bibitemid="ISO24333" citeas="ISO 24333:2009"/>，第5章.</p>
	</clause>
(XML Line 000378): Scope must occur before Terms and Definitions
	<clause id="_测试方法" inline-header="false" obligation="normative"><title>测试方法</title><clause id="_含水量" inline-header="false" obligation="normative">
	<title>含水量</title>
	<p id="_fd0ab416-77e7-4cd1-97b4-3d7a4177d8eb">按照<eref type="inline" bibitemid="ISO712" citeas="ISO 712"/>中规定的方法确定湿度的质量分数。</p>
	</clause>
	<clause id="_糯米含量" inline-header="false" obligation="normative">
(XML Line 000378): Hanging paragraph in clause
	<clause id="_测试方法" inline-header="false" obligation="normative"><title>测试方法</title><clause id="_含水量" inline-header="false" obligation="normative">
	<title>含水量</title>
	<p id="_fd0ab416-77e7-4cd1-97b4-3d7a4177d8eb">按照<eref type="inline" bibitemid="ISO712" citeas="ISO 712"/>中规定的方法确定湿度的质量分数。</p>
	</clause>
	<clause id="_糯米含量" inline-header="false" obligation="normative">
(XML Line 000390): Hanging paragraph in clause
	<clause id="_糙米产量" inline-header="false" obligation="normative"><title>糙米产量</title><clause id="_判定" inline-header="false" obligation="normative"><title>判定</title><admonition id="_bdc63fe3-0fcd-4322-b0c4-43371a7e1d34" type="caution">
	<p id="_b1705349-5f5d-4ed2-923a-e8a71a5b9602">只能用水稻或煮米饭来确定糙米产量。</p>
	</admonition>
	<p id="_d488893e-03d9-4d01-b13f-8e260acce99d">根据<eref type="inline" bibitemid="ISO6646" citeas="ISO 6646"/>确定糙米产量。</p></clause>
	<clause id="_精确" inline-header="false" obligation="normative"><title>精确</title><clause id="_实验室间测试" inline-header="false" obligation="normative">
(XML Line 000394): Hanging paragraph in clause
	<clause id="_精确" inline-header="false" obligation="normative"><title>精确</title><clause id="_实验室间测试" inline-header="false" obligation="normative">
	<title>实验室间测试</title>
	<p id="_341a2180-60c4-4ec9-a54e-d654934fbf11">实验室间试验的结果在<xref target="AnnexD"/>中提供以供参考。</p>
	</clause>
	<clause id="_重复性" inline-header="false" obligation="normative"><title>重复性</title><p id="_b39b76f9-bd3a-4727-8b77-4099ace6b386">同一个实验室在同一实验室使用相同的方法在相同的实验室中使用相同的设备在短时间间隔内使用相同的设备获得的两个独立的单一测试结果之间的绝对差值不得超过干的值的算术平均值<stem type="MathML"><math xmlns="http://www.w3.org/1998/Math/MathML"><mi>r</mi></math></stem>从超过5％的情况下对稻谷的实验室间研究中获得：</p>
(XML Line 000399): no space before percent sign: 1%
	<formula id="_e4734da6-860e-4670-bcfb-5c4b62e7f4f2" unnumbered="true">
	<stem type="MathML"><math xmlns="http://www.w3.org/1998/Math/MathML"><mi>r</mi><mo>=</mo><mn>1</mn><mi>%</mi></math></stem>
	</formula>
(XML Line 000412): no space before percent sign: 3%
	<formula id="_c990a985-a1a8-4390-959e-b1a4259d7536" unnumbered="true">
	<stem type="MathML"><math xmlns="http://www.w3.org/1998/Math/MathML"><mi>R</mi><mo>=</mo><mn>3</mn><mi>%</mi></math></stem>
	</formula>
(XML Line 000424): Scope must occur before Terms and Definitions
	<clause id="clause7" inline-header="false" obligation="normative"><title>测试报告</title><p id="_92c28219-50ac-4b80-bbce-2527cc2517f2">对于每种测试方法，测试报告应指定以下内容：</p>
	<ol id="_7cd4c718-cb8a-4621-a682-b7a353192428">
	<li>
	<p id="_ad458619-6175-4417-bae5-f2071bfcfedc">所有完整识别样本所需的信息；</p>
	</li>
(XML Line 000451): Scope must occur before Terms and Definitions
	<clause id="_包装" inline-header="false" obligation="normative"><title>包装</title><p id="_dc6b5a44-09fe-41bb-80bd-b8aed18bafda">包装不得将任何气味或味道传递给产品，也不得包含可能损害产品或构成健康风险的物质。</p>
	<p id="_b4dc164d-572d-4232-9008-17a34db5296b">如果使用袋子，则应符合<eref type="inline" bibitemid="ISO8351-1" citeas="ISO 8351-1:1994"/>第9条或<eref type="inline" bibitemid="ISO8351-2" citeas="ISO 8351-2"/>的要求。</p></clause>
(XML Line 000453): Scope must occur before Terms and Definitions
	<clause id="_印记" inline-header="false" obligation="normative">
	<title>印记</title>
	<p id="_a034693c-2f00-4d6e-b020-36e56f6d9f49">包装应按照目的地国家的要求标记或标签。</p>
	</clause>
(XML Line 000457): Hanging paragraph in clause
	<annex id="AnnexA" inline-header="false" obligation="normative"><title>缺陷的确定</title><clause id="_原理" inline-header="false" obligation="normative">
	<title>原理</title>
	<p id="_6a9fe8b0-7f86-412f-8a0e-9ec19283877a">根据以下类型手动分离外来物质，破碎的内核，破损的内核和其他类型的大米：糙米，精米，外壳糙米和碾米。 然后称重每种类型。</p>
	</clause>
	<clause id="_仪器" inline-header="false" obligation="normative"><title>仪器</title><p id="_48554deb-15fc-4412-9db2-7004905a6859">通常的实验室设备，特别是以下。</p>
(XML Line 000461): Hanging paragraph in clause
	<clause id="_仪器" inline-header="false" obligation="normative"><title>仪器</title><p id="_48554deb-15fc-4412-9db2-7004905a6859">通常的实验室设备，特别是以下。</p>
	<clause id="AnnexA-2-1" inline-header="true" obligation="normative">
	<title>样品分配器，</title>
	<p id="_29a46905-61f6-4163-869d-be756e24ee6f">由具有分配系统的圆锥形样品分配器或多槽样品分配器组成，例如， “Split-it-right-right”示例分频器，如<xref target="figureA-1"/>中所示。</p>
	</clause>
(XML Line 000491): Hanging paragraph in clause
	<clause id="_程序" inline-header="false" obligation="normative">
	<title>程序</title>
	<clause id="AnnexA-4-1" inline-header="false" obligation="normative"><title>测试样品的制备</title><p id="_623caf55-040b-435c-afa8-6651edba0ef0">小心地混合实验室样品使其尽可能均匀，然后使用分隔器（<xref target="AnnexA-2-1"/>）进行减少，直到获得约30g的量。</p>
	<p id="_7b798bea-2b9c-4ed5-8642-41f50b8c0158">卡在滤网孔中的所有颗粒都应该被认为是被滤网截留的。</p>
	<figure id="figureA-1">
(XML Line 000500): no space between number and SI unit: 1g
	<p id="_1ea3fb56-18c2-4b84-87d1-dcc235d6a077">按照<xref target="AnnexA-4-1"/>的规定，将其中一个测试样品称重，精确至0.1g，并将不同的缺陷分成碗（<xref target="AnnexA-2-6"/>）。 当内核有多个缺陷时，将其分类到最大允许值最低的缺陷类别（参见<xref target="table1"/>）。</p>
(XML Line 000531): Hanging paragraph in clause
	<annex id="AnnexB" inline-header="false" obligation="informative"><title>蒸米饭中糯米含量的测定</title><clause id="_原理_2" inline-header="false" obligation="informative">
	<title>原理</title>
	<p id="_ea3153db-544c-4564-a7f9-8e0d0bde2d16">糯米粒在碘溶液中染色时具有红棕色，而非糯米粒显示深蓝色。</p>
	</clause>
	<clause id="_仪器_2" inline-header="false" obligation="informative"><title>仪器</title><p id="_b4602b66-3a37-49da-9522-0e5aadcc0b08">通常的实验室设备，特别是以下。</p>
(XML Line 000535): Hanging paragraph in clause
	<clause id="_仪器_2" inline-header="false" obligation="informative"><title>仪器</title><p id="_b4602b66-3a37-49da-9522-0e5aadcc0b08">通常的实验室设备，特别是以下。</p>
	<clause id="AnnexB-2-1" inline-header="true" obligation="informative">
	<title>秤，</title>
	<p id="_4e6b2753-9f67-4fe2-88fb-9c8b2114ed22">能够称量到最接近的0.01克。</p>
	</clause>
(XML Line 000550): possible decimal point: 0.020
	<p id="_539471bf-9adf-4022-a880-10492cf3579e">长圆形的孔(1 mm <stem type="MathML"><math xmlns="http://www.w3.org/1998/Math/MathML"><mtable><mtr><mtd><mrow><mo>+</mo><mn>0.02</mn></mrow></mtd></mtr><mtr><mtd><mn>0</mn></mtd></mtr></mtable></math></stem> mm <stem type="MathML"><math xmlns="http://www.w3.org/1998/Math/MathML"><mo>×</mo></math></stem> 20 mm <stem type="MathML"><math xmlns="http://www.w3.org/1998/Math/MathML"><mtable><mtr><mtd><mrow><mo>+</mo><mn>2</mn></mrow></mtd></mtr><mtr><mtd><mrow><mo>−</mo><mn>1</mn></mrow></mtd></mtr></mtable></math></stem> mm）。</p>
(XML Line 000561): Hanging paragraph in clause
	<clause id="_试剂" inline-header="false" obligation="informative"><title>试剂</title><admonition id="_460e13ba-2517-4267-97df-e564d0d4cf69" type="warning">
	<p id="_9ac1b21a-ba97-49bc-9774-e900cf0a1a64">碘与皮肤直接接触会引起损伤，所以在处理碘时应该小心。 碘蒸气对眼睛和粘膜非常刺激。</p>
	</admonition>
	<clause id="AnnexB-3-1" inline-header="true" obligation="informative">
	<title>去离子水，</title>
(XML Line 000578): Hanging paragraph in clause
	<clause id="_判定_3" inline-header="false" obligation="informative"><title>判定</title><clause id="_3" inline-header="false" obligation="informative">
	
	<p id="_0cf083e6-c02c-429b-bb2c-fce5fc8454f1">称取约100克精米的一部分，放入玻璃烧杯中（<xref target="AnnexB-2-2"/>）。</p>
	</clause>
	<clause id="_4" inline-header="false" obligation="informative">
(XML Line 000596): no space between number and SI unit: 1g
	<p id="_a9ae576a-2980-4cc3-96ed-d16d56797557">将糯米部分（<stem type="MathML"><math xmlns="http://www.w3.org/1998/Math/MathML"><msub><mrow><mi>m</mi></mrow><mrow><mn>1</mn></mrow></msub></math></stem>）和非糯米部分（<stem type="MathML"><math xmlns="http://www.w3.org/1998/Math/MathML"><msub><mrow><mi>m</mi></mrow><mrow><mn>2</mn></mrow></msub></math></stem>）称量至最接近的0.1g。</p>


== Document Attributes

(): Hans is not a recognised script


== Metanorma XML Syntax

(XML Line 000141:125): IDREF "foreword" without matching ID
(XML Line 000141:125): IDREF "foreword" without matching ID
(XML Line 000156:75): element "clause" incomplete; missing required element "clause"
(XML Line 000158:135): element "eref" missing required attributes "citeas" and "type"
(XML Line 000158:164): element "eref" missing required attributes "citeas" and "type"
(XML Line 000166:48): element "variant" not allowed here; expected the element end-tag, text or element "add", "bookmark", "br", "concept", "del", "em", "eref", "hr", "image", "index", "index-xref", "keyword", "link", "pagebreak", "ruby", "smallcap", "stem", "strike", "strong", "sub", "sup", "tt", "underline" or "xref"
(XML Line 000166:48): attribute "lang" not allowed here; expected attribute "language", "script" or "type"
(XML Line 000166:83): element "variant" not allowed here; expected the element end-tag, text or element "add", "bookmark", "br", "concept", "del", "em", "eref", "hr", "image", "index", "index-xref", "keyword", "link", "pagebreak", "ruby", "smallcap", "stem", "strike", "strong", "sub", "sup", "tt", "underline" or "xref"
(XML Line 000166:83): attribute "lang" not allowed here; expected attribute "language", "script" or "type"
(XML Line 000173:54): element "variant" not allowed here; expected the element end-tag, text or element "add", "bookmark", "br", "concept", "del", "em", "eref", "hr", "image", "index", "index-xref", "keyword", "link", "pagebreak", "ruby", "smallcap", "stem", "strike", "strong", "sub", "sup", "tt", "underline" or "xref"
(XML Line 000173:54): attribute "lang" not allowed here; expected attribute "language", "script" or "type"
(XML Line 000173:95): element "variant" not allowed here; expected the element end-tag, text or element "add", "bookmark", "br", "concept", "del", "em", "eref", "hr", "image", "index", "index-xref", "keyword", "link", "pagebreak", "ruby", "smallcap", "stem", "strike", "strong", "sub", "sup", "tt", "underline" or "xref"
(XML Line 000173:95): attribute "lang" not allowed here; expected attribute "language", "script" or "type"
(XML Line 000183:103): element "variant" not allowed here; expected the element end-tag, text or element "add", "bookmark", "br", "concept", "del", "em", "eref", "hr", "image", "index", "index-xref", "keyword", "link", "pagebreak", "ruby", "smallcap", "stem", "strike", "strong", "sub", "sup", "tt", "underline" or "xref"
(XML Line 000183:103): attribute "lang" not allowed here; expected attribute "language", "script" or "type"
(XML Line 000183:62): element "variant" not allowed here; expected the element end-tag, text or element "add", "bookmark", "br", "concept", "del", "em", "eref", "hr", "image", "index", "index-xref", "keyword", "link", "pagebreak", "ruby", "smallcap", "stem", "strike", "strong", "sub", "sup", "tt", "underline" or "xref"
(XML Line 000183:62): attribute "lang" not allowed here; expected attribute "language", "script" or "type"
(XML Line 000194:31): element "variant" not allowed here; expected the element end-tag, text or element "add", "bookmark", "br", "concept", "del", "em", "eref", "hr", "image", "index", "index-xref", "keyword", "link", "pagebreak", "ruby", "smallcap", "stem", "strike", "strong", "sub", "sup", "tt", "underline" or "xref"
(XML Line 000194:31): attribute "lang" not allowed here; expected attribute "language", "script" or "type"
(XML Line 000194:75): element "variant" not allowed here; expected the element end-tag, text or element "add", "bookmark", "br", "concept", "del", "em", "eref", "hr", "image", "index", "index-xref", "keyword", "link", "pagebreak", "ruby", "smallcap", "stem", "strike", "strong", "sub", "sup", "tt", "underline" or "xref"
(XML Line 000194:75): attribute "lang" not allowed here; expected attribute "language", "script" or "type"
(XML Line 000197:60): element "variant" not allowed here; expected the element end-tag, text or element "add", "bookmark", "br", "concept", "del", "em", "eref", "hr", "image", "index", "index-xref", "keyword", "link", "pagebreak", "ruby", "smallcap", "stem", "strike", "strong", "sub", "sup", "tt", "underline" or "xref"
(XML Line 000197:60): attribute "lang" not allowed here; expected attribute "language", "script" or "type"
(XML Line 000197:99): element "variant" not allowed here; expected the element end-tag, text or element "add", "bookmark", "br", "concept", "del", "em", "eref", "hr", "image", "index", "index-xref", "keyword", "link", "pagebreak", "ruby", "smallcap", "stem", "strike", "strong", "sub", "sup", "tt", "underline" or "xref"
(XML Line 000197:99): attribute "lang" not allowed here; expected attribute "language", "script" or "type"
(XML Line 000201:115): element "variant" not allowed here; expected the element end-tag, text or element "add", "bookmark", "br", "concept", "del", "em", "eref", "hr", "image", "index", "index-xref", "keyword", "link", "pagebreak", "ruby", "smallcap", "stem", "strike", "strong", "sub", "sup", "tt", "underline" or "xref"
(XML Line 000201:115): attribute "lang" not allowed here; expected attribute "language", "script" or "type"
(XML Line 000201:68): element "variant" not allowed here; expected the element end-tag, text or element "add", "bookmark", "br", "concept", "del", "em", "eref", "hr", "image", "index", "index-xref", "keyword", "link", "pagebreak", "ruby", "smallcap", "stem", "strike", "strong", "sub", "sup", "tt", "underline" or "xref"
(XML Line 000201:68): attribute "lang" not allowed here; expected attribute "language", "script" or "type"
(XML Line 000215:31): element "variant" not allowed here; expected the element end-tag, text or element "add", "bookmark", "br", "concept", "del", "em", "eref", "hr", "image", "index", "index-xref", "keyword", "link", "pagebreak", "ruby", "smallcap", "stem", "strike", "strong", "sub", "sup", "tt", "underline" or "xref"
(XML Line 000215:31): attribute "lang" not allowed here; expected attribute "language", "script" or "type"
(XML Line 000215:75): element "variant" not allowed here; expected the element end-tag, text or element "add", "bookmark", "br", "concept", "del", "em", "eref", "hr", "image", "index", "index-xref", "keyword", "link", "pagebreak", "ruby", "smallcap", "stem", "strike", "strong", "sub", "sup", "tt", "underline" or "xref"
(XML Line 000215:75): attribute "lang" not allowed here; expected attribute "language", "script" or "type"
(XML Line 000218:114): element "variant" not allowed here; expected the element end-tag, text or element "add", "bookmark", "br", "concept", "del", "em", "eref", "hr", "image", "index", "index-xref", "keyword", "link", "pagebreak", "ruby", "smallcap", "stem", "strike", "strong", "sub", "sup", "tt", "underline" or "xref"
(XML Line 000218:114): attribute "lang" not allowed here; expected attribute "language", "script" or "type"
(XML Line 000218:69): element "variant" not allowed here; expected the element end-tag, text or element "add", "bookmark", "br", "concept", "del", "em", "eref", "hr", "image", "index", "index-xref", "keyword", "link", "pagebreak", "ruby", "smallcap", "stem", "strike", "strong", "sub", "sup", "tt", "underline" or "xref"
(XML Line 000218:69): attribute "lang" not allowed here; expected attribute "language", "script" or "type"
(XML Line 000222:117): element "variant" not allowed here; expected the element end-tag, text or element "add", "bookmark", "br", "concept", "del", "em", "eref", "hr", "image", "index", "index-xref", "keyword", "link", "pagebreak", "ruby", "smallcap", "stem", "strike", "strong", "sub", "sup", "tt", "underline" or "xref"
(XML Line 000222:117): attribute "lang" not allowed here; expected attribute "language", "script" or "type"
(XML Line 000222:70): element "variant" not allowed here; expected the element end-tag, text or element "add", "bookmark", "br", "concept", "del", "em", "eref", "hr", "image", "index", "index-xref", "keyword", "link", "pagebreak", "ruby", "smallcap", "stem", "strike", "strong", "sub", "sup", "tt", "underline" or "xref"
(XML Line 000222:70): attribute "lang" not allowed here; expected attribute "language", "script" or "type"
(XML Line 000229:114): element "variant" not allowed here; expected the element end-tag, text or element "add", "bookmark", "br", "concept", "del", "em", "eref", "hr", "image", "index", "index-xref", "keyword", "link", "pagebreak", "ruby", "smallcap", "stem", "strike", "strong", "sub", "sup", "tt", "underline" or "xref"
(XML Line 000229:114): attribute "lang" not allowed here; expected attribute "language", "script" or "type"
(XML Line 000229:68): element "variant" not allowed here; expected the element end-tag, text or element "add", "bookmark", "br", "concept", "del", "em", "eref", "hr", "image", "index", "index-xref", "keyword", "link", "pagebreak", "ruby", "smallcap", "stem", "strike", "strong", "sub", "sup", "tt", "underline" or "xref"
(XML Line 000229:68): attribute "lang" not allowed here; expected attribute "language", "script" or "type"
(XML Line 000239:126): element "variant" not allowed here; expected the element end-tag, text or element "add", "bookmark", "br", "concept", "del", "em", "eref", "hr", "image", "index", "index-xref", "keyword", "link", "pagebreak", "ruby", "smallcap", "stem", "strike", "strong", "sub", "sup", "tt", "underline" or "xref"
(XML Line 000239:126): attribute "lang" not allowed here; expected attribute "language", "script" or "type"
(XML Line 000239:75): element "variant" not allowed here; expected the element end-tag, text or element "add", "bookmark", "br", "concept", "del", "em", "eref", "hr", "image", "index", "index-xref", "keyword", "link", "pagebreak", "ruby", "smallcap", "stem", "strike", "strong", "sub", "sup", "tt", "underline" or "xref"
(XML Line 000239:75): attribute "lang" not allowed here; expected attribute "language", "script" or "type"
(XML Line 000249:101): element "variant" not allowed here; expected the element end-tag, text or element "add", "bookmark", "br", "concept", "del", "em", "eref", "hr", "image", "index", "index-xref", "keyword", "link", "pagebreak", "ruby", "smallcap", "stem", "strike", "strong", "sub", "sup", "tt", "underline" or "xref"
(XML Line 000249:101): attribute "lang" not allowed here; expected attribute "language", "script" or "type"
(XML Line 000249:57): element "variant" not allowed here; expected the element end-tag, text or element "add", "bookmark", "br", "concept", "del", "em", "eref", "hr", "image", "index", "index-xref", "keyword", "link", "pagebreak", "ruby", "smallcap", "stem", "strike", "strong", "sub", "sup", "tt", "underline" or "xref"
(XML Line 000249:57): attribute "lang" not allowed here; expected attribute "language", "script" or "type"
(XML Line 000259:52): element "variant" not allowed here; expected the element end-tag, text or element "add", "bookmark", "br", "concept", "del", "em", "eref", "hr", "image", "index", "index-xref", "keyword", "link", "pagebreak", "ruby", "smallcap", "stem", "strike", "strong", "sub", "sup", "tt", "underline" or "xref"
(XML Line 000259:52): attribute "lang" not allowed here; expected attribute "language", "script" or "type"
(XML Line 000259:91): element "variant" not allowed here; expected the element end-tag, text or element "add", "bookmark", "br", "concept", "del", "em", "eref", "hr", "image", "index", "index-xref", "keyword", "link", "pagebreak", "ruby", "smallcap", "stem", "strike", "strong", "sub", "sup", "tt", "underline" or "xref"
(XML Line 000259:91): attribute "lang" not allowed here; expected attribute "language", "script" or "type"
(XML Line 000266:121): element "variant" not allowed here; expected the element end-tag, text or element "add", "bookmark", "br", "concept", "del", "em", "eref", "hr", "image", "index", "index-xref", "keyword", "link", "pagebreak", "ruby", "smallcap", "stem", "strike", "strong", "sub", "sup", "tt", "underline" or "xref"
(XML Line 000266:121): attribute "lang" not allowed here; expected attribute "language", "script" or "type"
(XML Line 000266:72): element "variant" not allowed here; expected the element end-tag, text or element "add", "bookmark", "br", "concept", "del", "em", "eref", "hr", "image", "index", "index-xref", "keyword", "link", "pagebreak", "ruby", "smallcap", "stem", "strike", "strong", "sub", "sup", "tt", "underline" or "xref"
(XML Line 000266:72): attribute "lang" not allowed here; expected attribute "language", "script" or "type"
(XML Line 000274:149): element "clause" not allowed yet; expected element "admonition", "amend", "bookmark", "dl", "example", "figure", "form", "formula", "hr", "imagemap", "note", "ol", "p", "pagebreak", "permission", "pre", "quote", "recommendation", "requirement", "review", "sourcecode", "svgmap", "table" or "ul"
(XML Line 000276:99): element "clause" incomplete; missing required element "clause"
(XML Line 000277:186): element "clause" not allowed yet; expected element "admonition", "amend", "bookmark", "dl", "example", "figure", "form", "formula", "hr", "imagemap", "note", "ol", "p", "pagebreak", "permission", "pre", "quote", "recommendation", "requirement", "review", "sourcecode", "svgmap", "table" or "ul"
(XML Line 000281:17): element "clause" incomplete; missing required element "clause"
(XML Line 000428:10): element "clause" incomplete; missing required element "clause"
(XML Line 000432:10): element "clause" incomplete; missing required element "clause"
(XML Line 000433:147): element "clause" not allowed yet; expected element "admonition", "amend", "bookmark", "dl", "example", "figure", "form", "formula", "hr", "imagemap", "note", "ol", "p", "pagebreak", "permission", "pre", "quote", "recommendation", "requirement", "review", "sourcecode", "svgmap", "table" or "ul"
(XML Line 000436:10): element "clause" incomplete; missing required element "clause"
(XML Line 000440:10): element "clause" incomplete; missing required element "clause"
(XML Line 000441:255): text not allowed here; expected element "p"
(XML Line 000441:258): element "fn" incomplete; missing required element "p"
(XML Line 000442:298): element "clause" incomplete; missing required element "clause"
(XML Line 000444:95): element "clause" incomplete; missing required element "clause"
(XML Line 000445:146): element "clause" not allowed yet; expected element "admonition", "amend", "bookmark", "dl", "example", "figure", "form", "formula", "hr", "imagemap", "note", "ol", "p", "pagebreak", "permission", "pre", "quote", "recommendation", "requirement", "review", "sourcecode", "svgmap", "table" or "ul"
(XML Line 000448:128): element "clause" incomplete; missing required element "clause"
(XML Line 000449:146): element "clause" not allowed yet; expected element "admonition", "amend", "bookmark", "dl", "example", "figure", "form", "formula", "hr", "imagemap", "note", "ol", "p", "pagebreak", "permission", "pre", "quote", "recommendation", "requirement", "review", "sourcecode", "svgmap", "table" or "ul"
(XML Line 000452:10): element "clause" incomplete; missing required element "clause"
(XML Line 000465:15): element "clause" incomplete; missing required element "clause"
(XML Line 000478:15): element "clause" incomplete; missing required element "clause"
(XML Line 000480:48): element "ol" missing required attribute "type"
(XML Line 000505:15): element "clause" incomplete; missing required element "clause"
(XML Line 000507:210): element "clause" incomplete; missing required element "clause"
(XML Line 000511:10): element "clause" incomplete; missing required element "clause"
